I, [2017-12-04T16:09:05.880509 #5008]  INFO -- : Registered expected interaction GET /post/list
D, [2017-12-04T16:09:05.880723 #5008] DEBUG -- : {
  "description": "a request for all posts",
  "providerState": "Has two posts",
  "request": {
    "method": "GET",
    "path": "/post/list",
    "headers": {
      "Accept": "application/json"
    }
  },
  "response": {
    "status": 200,
    "headers": {
      "Content-Type": "application/json"
    },
    "body": {
      "posts": [
        {
          "id": 1,
          "date": "01/10/2016",
          "contents": "Bla bla bla"
        },
        {
          "id": 2,
          "date": "01/09/2016",
          "contents": "Microservice microservice"
        }
      ]
    }
  }
}
I, [2017-12-04T16:09:05.884582 #5008]  INFO -- : Registered expected interaction GET /post/1
D, [2017-12-04T16:09:05.884669 #5008] DEBUG -- : {
  "description": "a request for one post",
  "providerState": "Has one post",
  "request": {
    "method": "GET",
    "path": "/post/1",
    "headers": {
      "Accept": "application/json"
    }
  },
  "response": {
    "status": 200,
    "headers": {
      "Content-Type": "application/json"
    },
    "body": {
      "post": {
        "id": 1,
        "date": "01/08/2016",
        "contents": "Bla"
      }
    }
  }
}
I, [2017-12-04T16:09:05.890562 #5008]  INFO -- : Received request GET /post/list
D, [2017-12-04T16:09:05.890629 #5008] DEBUG -- : {
  "path": "/post/list",
  "query": "",
  "method": "get",
  "headers": {
    "Accept": "application/json",
    "Host": "localhost:1234",
    "Connection": "close",
    "Version": "HTTP/1.1"
  }
}
I, [2017-12-04T16:09:05.890801 #5008]  INFO -- : Found matching response for GET /post/list
D, [2017-12-04T16:09:05.890859 #5008] DEBUG -- : {
  "status": 200,
  "headers": {
    "Content-Type": "application/json"
  },
  "body": {
    "posts": [
      {
        "id": 1,
        "date": "01/10/2016",
        "contents": "Bla bla bla"
      },
      {
        "id": 2,
        "date": "01/09/2016",
        "contents": "Microservice microservice"
      }
    ]
  }
}
I, [2017-12-04T16:09:05.897077 #5008]  INFO -- : Received request GET /post/1
D, [2017-12-04T16:09:05.897144 #5008] DEBUG -- : {
  "path": "/post/1",
  "query": "",
  "method": "get",
  "headers": {
    "Accept": "application/json",
    "Host": "localhost:1234",
    "Connection": "close",
    "Version": "HTTP/1.1"
  }
}
I, [2017-12-04T16:09:05.897283 #5008]  INFO -- : Found matching response for GET /post/1
D, [2017-12-04T16:09:05.897332 #5008] DEBUG -- : {
  "status": 200,
  "headers": {
    "Content-Type": "application/json"
  },
  "body": {
    "post": {
      "id": 1,
      "date": "01/08/2016",
      "contents": "Bla"
    }
  }
}
